2020-04-19 22:04:832 INFO       HomePage :19 - Clicking on accessibility linkBy.xpath: //a[contains(text(),'Accessibility')]
2020-04-19 22:04:384 INFO       AccessibilityPage :20 - Mouse hovering on your communityBy.xpath: //a[@class='header__nav-area-title'][contains(text(),'Your community')]
2020-04-19 22:04:208 INFO       AccessibilityPage :25 - Mouse hover on get involved and clickBy.xpath: //ul[@class='header__sub-nav js-sub-nav']//a[contains(text(),'Get involved')]
2020-04-21 17:04:538 INFO       HomePage :19 - Clicking on accessibility linkBy.xpath: //a[contains(text(),'Accessibility')]
2020-04-21 17:04:450 INFO       AccessibilityPage :20 - Mouse hovering on your communityBy.xpath: //a[@class='header__nav-area-title'][contains(text(),'Your community')]
2020-04-21 17:04:129 INFO       AccessibilityPage :25 - Mouse hover on get involved and clickBy.xpath: //ul[@class='header__sub-nav js-sub-nav']//a[contains(text(),'Get involved')]
2020-04-21 17:04:877 INFO       HomePage :25 - Clicking on accessibility link[[ChromeDriver: chrome on WINDOWS (3202c03bb9ae2342788355dbac586d71)] -> xpath: //a[contains(text(),'Accessibility')]]
2020-04-21 17:04:300 INFO       AccessibilityPage :27 - Mouse hovering on your community[[ChromeDriver: chrome on WINDOWS (3202c03bb9ae2342788355dbac586d71)] -> xpath: //a[@class='header__nav-area-title'][contains(text(),'Your community')]]
2020-04-21 17:04:650 INFO       HomePage :25 - Clicking on accessibility link[[ChromeDriver: chrome on WINDOWS (45603f584b87d0568fa30e1294f2c897)] -> xpath: //a[contains(text(),'Accessibility')]]
2020-04-21 17:04:948 INFO       AccessibilityPage :27 - Mouse hovering on your community[[ChromeDriver: chrome on WINDOWS (45603f584b87d0568fa30e1294f2c897)] -> xpath: //a[@class='header__nav-area-title'][contains(text(),'Your community')]]
2020-04-21 17:04:141 INFO       HomePage :25 - Clicking on accessibility link[[ChromeDriver: chrome on WINDOWS (4c05ba75fb084f1f6f0afe8143ade2b7)] -> xpath: //a[contains(text(),'Accessibility')]]
2020-04-21 17:04:497 INFO       AccessibilityPage :27 - Mouse hovering on your community[[ChromeDriver: chrome on WINDOWS (4c05ba75fb084f1f6f0afe8143ade2b7)] -> xpath: //a[@class='header__nav-area-title'][contains(text(),'Your community')]]
2020-04-21 17:04:36 INFO       HomePage :25 - Clicking on accessibility link[[ChromeDriver: chrome on WINDOWS (981dbb7e1d087a07fc0ffc039305203e)] -> xpath: //a[contains(text(),'Accessibility')]]
2020-04-21 17:04:326 INFO       AccessibilityPage :27 - Mouse hovering on your community[[ChromeDriver: chrome on WINDOWS (981dbb7e1d087a07fc0ffc039305203e)] -> xpath: //a[@class='header__nav-area-title'][contains(text(),'Your community')]]
2020-04-21 18:04:632 INFO       HomePage :25 - Clicking on accessibility link[[ChromeDriver: chrome on WINDOWS (bcb506b23701ac7e40a7cf3d3f1dd635)] -> xpath: //a[contains(text(),'Accessibility')]]
2020-04-21 18:04:925 INFO       AccessibilityPage :27 - Mouse hovering on your community[[ChromeDriver: chrome on WINDOWS (bcb506b23701ac7e40a7cf3d3f1dd635)] -> xpath: //a[@class='header__nav-area-title'][contains(text(),'Your community')]]
2020-04-21 18:04:936 INFO       HomePage :25 - Clicking on accessibility link[[ChromeDriver: chrome on WINDOWS (dde5ffa1fcc68f349481c6998e18afe1)] -> xpath: //a[contains(text(),'Accessibility')]]
2020-04-21 18:04:927 INFO       AccessibilityPage :27 - Mouse hovering on your community[[ChromeDriver: chrome on WINDOWS (dde5ffa1fcc68f349481c6998e18afe1)] -> xpath: //a[@class='header__nav-area-title'][contains(text(),'Your community')]]
2020-04-22 23:04:416 INFO       HomePage :25 - Clicking on accessibility link[[ChromeDriver: chrome on WINDOWS (723f03589d3e4be4a98d6ae018ab7e7b)] -> xpath: //a[contains(text(),'Accessibility')]]
2020-04-22 23:04:942 INFO       AccessibilityPage :27 - Mouse hovering on your community[[ChromeDriver: chrome on WINDOWS (723f03589d3e4be4a98d6ae018ab7e7b)] -> xpath: //a[@class='header__nav-area-title'][contains(text(),'Your community')]]
2020-04-22 23:04:402 INFO       HomePage :25 - Clicking on accessibility link[[ChromeDriver: chrome on WINDOWS (23cec074233253500d89872179317150)] -> xpath: //a[contains(text(),'Accessibility')]]
2020-04-22 23:04:771 INFO       AccessibilityPage :27 - Mouse hovering on your community[[ChromeDriver: chrome on WINDOWS (23cec074233253500d89872179317150)] -> xpath: //a[@class='header__nav-area-title'][contains(text(),'Your community')]]
2020-04-22 23:04:536 INFO       HomePage :25 - Clicking on accessibility link[[ChromeDriver: chrome on WINDOWS (3b3d8f9a515e5766218b713846f92017)] -> xpath: //a[contains(text(),'Accessibility')]]
2020-04-22 23:04:30 INFO       AccessibilityPage :27 - Mouse hovering on your community[[ChromeDriver: chrome on WINDOWS (3b3d8f9a515e5766218b713846f92017)] -> xpath: //a[@class='header__nav-area-title'][contains(text(),'Your community')]]
2020-04-22 23:04:441 INFO       HomePage :25 - Clicking on accessibility link[[ChromeDriver: chrome on WINDOWS (c4567edd70575b32602afd368adfab74)] -> xpath: //a[contains(text(),'Accessibility')]]
2020-04-22 23:04:901 INFO       AccessibilityPage :27 - Mouse hovering on your community[[ChromeDriver: chrome on WINDOWS (c4567edd70575b32602afd368adfab74)] -> xpath: //a[@class='header__nav-area-title'][contains(text(),'Your community')]]
